0 info it worked if it ends with ok
1 verbose cli [ 'C:\\Program Files\\nodejs\\\\node.exe',
1 verbose cli   'C:\\Program Files\\nodejs\\node_modules\\npm\\bin\\npm-cli.js',
1 verbose cli   'publish' ]
2 info using npm@2.11.3
3 info using node@v0.12.7
4 verbose publish [ '.' ]
5 silly cache add args [ '.', null ]
6 verbose cache add spec .
7 silly cache add parsed spec { raw: '.',
7 silly cache add   scope: null,
7 silly cache add   name: null,
7 silly cache add   rawSpec: '.',
7 silly cache add   spec: 'C:\\Users\\Admin\\Programming\\lib\\add-css-to-head-plugin',
7 silly cache add   type: 'directory' }
8 verbose addLocalDirectory C:\Users\Admin\AppData\Roaming\npm-cache\add-css-to-head-plugin\0.0.1\package.tgz not in flight; packing
9 verbose tar pack [ 'C:\\Users\\Admin\\AppData\\Roaming\\npm-cache\\add-css-to-head-plugin\\0.0.1\\package.tgz',
9 verbose tar pack   'C:\\Users\\Admin\\Programming\\lib\\add-css-to-head-plugin' ]
10 verbose tarball C:\Users\Admin\AppData\Roaming\npm-cache\add-css-to-head-plugin\0.0.1\package.tgz
11 verbose folder C:\Users\Admin\Programming\lib\add-css-to-head-plugin
12 info prepublish add-css-to-head-plugin@0.0.1
13 verbose addLocalTarball adding from inside cache C:\Users\Admin\AppData\Roaming\npm-cache\add-css-to-head-plugin\0.0.1\package.tgz
14 silly cache afterAdd add-css-to-head-plugin@0.0.1
15 verbose afterAdd C:\Users\Admin\AppData\Roaming\npm-cache\add-css-to-head-plugin\0.0.1\package\package.json not in flight; writing
16 verbose afterAdd C:\Users\Admin\AppData\Roaming\npm-cache\add-css-to-head-plugin\0.0.1\package\package.json written
17 silly publish { name: 'add-css-to-head-plugin',
17 silly publish   version: '0.0.1',
17 silly publish   description: 'Webpack plugin that adds purified css to html files.',
17 silly publish   main: 'index.js',
17 silly publish   dependencies: { 'purify-css': '^1.0.17' },
17 silly publish   devDependencies:
17 silly publish    { 'raw-loader': '^0.5.1',
17 silly publish      'static-webpack-plugin': '^0.1.1',
17 silly publish      webpack: '^1.11.0',
17 silly publish      'webpack-dev-server': '^1.10.1' },
17 silly publish   author: { name: 'Max White', email: 'mushishi78@gmail.com' },
17 silly publish   license: 'ISC',
17 silly publish   readme: 'Add CSS to Head Plugin\r\n======================\r\n\r\nWebpack plugin that adds purified css to the head of html files.\r\n\r\nInstall\r\n-------\r\n\r\n``` console\r\n$ npm install --save-dev add-css-to-head-plugin\r\n```\r\n\r\nUsage\r\n-----\r\n\r\n### webpack.config.js\r\n\r\n``` javascript\r\nvar AddCSSToHeadPlugin = require(\'add-css-to-head-plugin\');\r\n\r\nmodule.exports = {\r\n  ...\r\n  plugins: [new AddCSSToHeadPlugin()]\r\n};\r\n```\r\n',
17 silly publish   readmeFilename: 'README.md',
17 silly publish   gitHead: 'b48099a8ccf8424d320f5529d433493563fcc23a',
17 silly publish   _id: 'add-css-to-head-plugin@0.0.1',
17 silly publish   scripts: {},
17 silly publish   _shasum: '7f4a0ba05278d896a7651e41c538c83d5cb3b624',
17 silly publish   _from: '.' }
18 verbose getPublishConfig undefined
19 silly mapToRegistry name add-css-to-head-plugin
20 silly mapToRegistry using default registry
21 silly mapToRegistry registry https://registry.npmjs.org/
22 silly mapToRegistry uri https://registry.npmjs.org/add-css-to-head-plugin
23 verbose publish registryBase https://registry.npmjs.org/
24 silly publish uploading C:\Users\Admin\AppData\Roaming\npm-cache\add-css-to-head-plugin\0.0.1\package.tgz
25 verbose stack Error: auth required for publishing
25 verbose stack     at CachingRegistryClient.publish (C:\Program Files\nodejs\node_modules\npm\node_modules\npm-registry-client\lib\publish.js:30:14)
25 verbose stack     at C:\Program Files\nodejs\node_modules\npm\lib\publish.js:134:14
25 verbose stack     at mapToRegistry (C:\Program Files\nodejs\node_modules\npm\lib\utils\map-to-registry.js:55:3)
25 verbose stack     at publish_ (C:\Program Files\nodejs\node_modules\npm\lib\publish.js:104:3)
25 verbose stack     at Array.<anonymous> (C:\Program Files\nodejs\node_modules\npm\node_modules\slide\lib\bind-actor.js:15:8)
25 verbose stack     at LOOP (C:\Program Files\nodejs\node_modules\npm\node_modules\slide\lib\chain.js:15:14)
25 verbose stack     at LOOP (C:\Program Files\nodejs\node_modules\npm\node_modules\slide\lib\chain.js:14:28)
25 verbose stack     at chain (C:\Program Files\nodejs\node_modules\npm\node_modules\slide\lib\chain.js:20:5)
25 verbose stack     at C:\Program Files\nodejs\node_modules\npm\lib\publish.js:73:5
25 verbose stack     at RES (C:\Program Files\nodejs\node_modules\npm\node_modules\inflight\inflight.js:23:14)
26 verbose cwd C:\Users\Admin\Programming\lib\add-css-to-head-plugin
27 error Windows_NT 6.1.7601
28 error argv "C:\\Program Files\\nodejs\\\\node.exe" "C:\\Program Files\\nodejs\\node_modules\\npm\\bin\\npm-cli.js" "publish"
29 error node v0.12.7
30 error npm  v2.11.3
31 error code ENEEDAUTH
32 error need auth auth required for publishing
32 error need auth You need to authorize this machine using `npm adduser`
33 verbose exit [ 1, true ]
